{"url":"https://www.youtube.com/watch?v=6Ejga4kJUts","shortURL":"BpLnfgD"}
{"url":"https://www.youtube.com/watch?v=UK7yzgVpnDA","shortURL":"sc2WD8F"}
{"url":"https://www.youtube.com/watch?v=YlUKcNNmywk","shortURL":"2qNfHK5"}
{"url":"https://www.youtube.com/watch?v=8UVNT4wvIGY","shortURL":"a84jjJk"}
{"url":"https://www.youtube.com/watch?v=6Ejga4kJUts","shortURL":"BpLnfgD"}
{"url":"https://www.youtube.com/watch?v=UK7yzgVpnDA","shortURL":"BpLnfgD"}
{"url":"https://www.youtube.com/watch?v=UK7yzgVpnDA","shortURL":"sc2WD8F"}
{"url":"","shortURL":"2qNfHK5"}
{"url":"https://www.youtube.com/watch?v=UK7yzgVpnDA","shortURL":"BpLnfgD"}
{"url":"https://www.youtube.com/watch?v=UK7yzgVpnDA","shortURL":"sc2WD8F"}
{"url":"","shortURL":"2qNfHK5"}
{"url":"https://www.youtube.com/watch?v=8UVNT4wvIGY","shortURL":"BpLnfgD"}
{"url":"","shortURL":"sc2WD8F"}
{"url":"","shortURL":"2qNfHK5"}
{"url":"https://www.youtube.com/watch?v=8UVNT4wvIGY","shortURL":"BpLnfgD"}
{"url":"","shortURL":"sc2WD8F"}
{"url":"","shortURL":"2qNfHK5"}
{"url":"","shortURL":"a84jjJk"}
{"url":"","shortURL":"BpLnfgD"}
{"url":"","shortURL":"sc2WD8F"}
{"url":"","shortURL":"BpLnfgD"}
{"url":"","shortURL":"sc2WD8F"}
{"url":"","shortURL":"2qNfHK5"}
{"url":"","shortURL":"BpLnfgD"}
{"url":"","shortURL":"BpLnfgD"}
{"url":"","shortURL":"BpLnfgD"}
{"url":"","shortURL":"BpLnfgD"}
{"url":"https://www.youtube.com/watch?v=8UVNT4wvIGY\u0026t=3s\n","shortURL":"BpLnfgD"}
{"url":"{\"url\":\"https://www.youtube.com/watch?v=8UVNT4wvIGY\u0026t=3s\"}\n","shortURL":"BpLnfgD"}
{"url":"https://www.youtube.com/watch?v=8UVNT4wvIGY\u0026t=3s\n","shortURL":"sc2WD8F"}
{"url":"{\"url\":\"https://www.youtube.com/watch?v=8UVNT4wvIGY\u0026t=3s\"}\n","shortURL":"2qNfHK5"}
{"url":"{\"url\":\"https://www.youtube.com/watch?v=8UVNT4wvIGY\u0026t=3s\"}\n","shortURL":"a84jjJk"}
{"url":"{\"url\":\"https://www.youtube.com/watch?v=8UVNT4wvIGY\u0026t=3s\"}\n","shortURL":"wzDkh9h"}
{"url":"{\"url\":\"https://www.youtube.com/watch?v=8UVNT4wvIGY\u0026t=3s\"}\n","shortURL":"BpLnfgD"}
{"url":"https://www.youtube.com/watch?v=8UVNT4wvIGY\u0026t=3s\n","shortURL":"sc2WD8F"}
{"url":"{\"url\":\"https://www.youtube.com/watch?v=8UVNT4wvIGY\u0026t=3s\"}\n","shortURL":"BpLnfgD"}
{"url":"https://www.youtube.com/watch?v=8UVNT4wvIGY\u0026t=3s\n","shortURL":"BpLnfgD"}
{"url":"https://www.youtube.com/watch?v=6Ejga4kJUts","shortURL":"BpLnfgD"}
{"url":"https://www.youtube.com/watch?v=YlUKcNNmywk","shortURL":"sc2WD8F"}
{"url":"https://www.youtube.com/watch?v=8UVNT4wvIGY\u0026t=3s\n","shortURL":"2qNfHK5"}
{"url":"https://www.youtube.com/watch?v=UK7yzgVpnDA","shortURL":"BpLnfgD"}
{"url":"https://www.youtube.com/watch?v=UK7yzgVpnDA","shortURL":"BpLnfgD"}
{"url":"https://www.youtube.com/watch?v=UK7yzgVpnDA","shortURL":"BpLnfgD"}
{"url":"https://www.youtube.com/watch?v=UK7yzgVpnDA","shortURL":"sc2WD8F"}
{"url":"","shortURL":"2qNfHK5"}
